<?xml version="1.0" encoding="UTF-8"?>
<!-- Generated by org.testng.reporters.JUnitReportReporter -->
<testsuite skipped="0" hostname="SANKET-PC" name="sanity.DashboardTest" tests="2" failures="0" timestamp="04 Oct 2018 12:26:51 GMT" time="40.513" errors="0">
  <testcase name="LoginPageTest" time="18.717" classname="sanity.DashboardTest"/>
  <testcase name="DashboardPageTest" time="21.796" classname="sanity.DashboardTest"/>
</testsuite> <!-- sanity.DashboardTest -->
