<?xml version="1.0" encoding="UTF-8"?>
<!-- Generated by org.testng.reporters.JUnitReportReporter -->
<testsuite skipped="0" hostname="Sanket-PC" name="sanity.LoginPageTest" tests="1" failures="0" timestamp="03 Oct 2018 19:05:46 GMT" time="18.415" errors="0">
  <testcase name="LoginTest" time="18.415" classname="sanity.LoginPageTest"/>
</testsuite> <!-- sanity.LoginPageTest -->
