<?xml version="1.0" encoding="UTF-8"?>
<!-- Generated by org.testng.reporters.JUnitReportReporter -->
<testsuite skipped="0" hostname="SANKET-PC" name="sanity.LoginPageTest" tests="1" failures="0" timestamp="04 Oct 2018 06:32:38 GMT" time="22.127" errors="0">
  <testcase name="LoginTest" time="22.127" classname="sanity.LoginPageTest"/>
</testsuite> <!-- sanity.LoginPageTest -->
