<?xml version="1.0" encoding="UTF-8"?>
<!-- Generated by org.testng.reporters.JUnitReportReporter -->
<testsuite skipped="0" hostname="SANKET-PC" name="sanity.LoginPageTest" tests="1" failures="0" timestamp="05 Oct 2018 07:44:33 GMT" time="19.174" errors="0">
  <testcase name="LoginTest" time="19.174" classname="sanity.LoginPageTest"/>
</testsuite> <!-- sanity.LoginPageTest -->
