<?xml version="1.0" encoding="UTF-8"?>
<!-- Generated by org.testng.reporters.JUnitReportReporter -->
<testsuite skipped="0" hostname="Sanket-PC" name="sanity.LoginPageTest" tests="1" failures="0" timestamp="04 Oct 2018 15:43:26 GMT" time="17.447" errors="0">
  <testcase name="LoginTest" time="17.447" classname="sanity.LoginPageTest"/>
</testsuite> <!-- sanity.LoginPageTest -->
